#
# A fatal error has been detected by the Java Runtime Environment:
#
#  EXCEPTION_ACCESS_VIOLATION (0xc0000005) at pc=0x00000000750aa0a5, pid=18012, tid=0x00000000000007bc
#
# JRE version: Java(TM) SE Runtime Environment (8.0_101-b13) (build 1.8.0_101-b13)
# Java VM: Java HotSpot(TM) 64-Bit Server VM (25.101-b13 mixed mode windows-amd64 compressed oops)
# Problematic frame:
# V  [jvm.dll+0x12a0a5]
#
# Failed to write core dump. Minidumps are not enabled by default on client versions of Windows
#
# If you would like to submit a bug report, please visit:
#   http://bugreport.java.com/bugreport/crash.jsp
#

---------------  T H R E A D  ---------------

Current thread (0x0000000017bd9000):  JavaThread "JDWP Transport Listener: dt_socket" daemon [_thread_in_vm, id=1980, stack(0x0000000019220000,0x0000000019320000)]

siginfo: ExceptionCode=0xc0000005, reading address 0x0000000000000009

Registers:
RAX=0x000000001931f101, RBX=0x0000000017bd9000, RCX=0x0000000000000009, RDX=0x0000000000000000
RSP=0x000000001931f150, RBP=0x0000000000000009, RSI=0x000000001931f268, RDI=0x0000000002bebba0
R8 =0x0000000017bd9000, R9 =0x0000000000008000, R10=0x0000000000000000, R11=0x000000001931f46d
R12=0x0000000000000000, R13=0x0000000017bd9c38, R14=0x0000000000000000, R15=0x0000000000000000
RIP=0x00000000750aa0a5, EFLAGS=0x0000000000010206

Top of Stack: (sp=0x000000001931f150)
0x000000001931f150:   0000000017bd9000 0000000017bd9000
0x000000001931f160:   000000001931f218 00000000752b2f0b
0x000000001931f170:   0000000017bd9000 00000000752cf76d
0x000000001931f180:   0000000000000000 0000000076199155
0x000000001931f190:   0000000017bf8cd0 00000000761a291e
0x000000001931f1a0:   0000000017bd9000 0000000000000000
0x000000001931f1b0:   0000000000000000 0000000000000000
0x000000001931f1c0:   0000000000000009 00000000761a1a15
0x000000001931f1d0:   000000001931f268 000000001931f240
0x000000001931f1e0:   0000000000000001 0000000017bf8cd0
0x000000001931f1f0:   0000000000000009 00000000761853b3
0x000000001931f200:   000000001931f330 0000000000000001
0x000000001931f210:   0000000000000001 0000000017bf8cd0
0x000000001931f220:   00000000f000100a 0000000000000000
0x000000001931f230:   0000000000000000 0000000000000000
0x000000001931f240:   0000000000000001 0000000076185571 

Instructions: (pc=0x00000000750aa0a5)
0x00000000750aa085:   cc cc cc cc cc cc cc cc cc cc cc 48 83 ec 28 48
0x00000000750aa095:   85 c9 75 07 33 c0 48 83 c4 28 c3 48 89 5c 24 20
0x00000000750aa0a5:   48 8b 19 48 85 db 74 20 48 83 fb 37 74 1a 48 8b
0x00000000750aa0b5:   13 48 8b cb ff 52 10 84 c0 74 0d 48 8b c3 48 8b 


Register to memory mapping:

RAX=0x000000001931f101 is pointing into the stack for thread: 0x0000000017bd9000
RBX=0x0000000017bd9000 is a thread
RCX=0x0000000000000009 is an unknown value
RDX=0x0000000000000000 is an unknown value
RSP=0x000000001931f150 is pointing into the stack for thread: 0x0000000017bd9000
RBP=0x0000000000000009 is an unknown value
RSI=0x000000001931f268 is pointing into the stack for thread: 0x0000000017bd9000
RDI=0x0000000002bebba0 is an unknown value
R8 =0x0000000017bd9000 is a thread
R9 =0x0000000000008000 is an unknown value
R10=0x0000000000000000 is an unknown value
R11=0x000000001931f46d is pointing into the stack for thread: 0x0000000017bd9000
R12=0x0000000000000000 is an unknown value
R13=0x0000000017bd9c38 is an unknown value
R14=0x0000000000000000 is an unknown value
R15=0x0000000000000000 is an unknown value


Stack: [0x0000000019220000,0x0000000019320000],  sp=0x000000001931f150,  free space=1020k
Native frames: (J=compiled Java code, j=interpreted, Vv=VM code, C=native code)
V  [jvm.dll+0x12a0a5]
V  [jvm.dll+0x34f76d]
C  [jdwp.dll+0x21a15]
C  [jdwp.dll+0x53b3]
C  [jdwp.dll+0x5571]
C  [jdwp.dll+0xf0a8]
C  [jdwp.dll+0x1f2d5]
C  [jdwp.dll+0x1f4aa]
V  [jvm.dll+0x1bd258]
V  [jvm.dll+0x2451a4]
V  [jvm.dll+0x29c18a]
C  [msvcr100.dll+0x21d9f]
C  [msvcr100.dll+0x21e3b]
C  [KERNEL32.DLL+0x13034]
C  [ntdll.dll+0x71461]


---------------  P R O C E S S  ---------------

Java Threads: ( => current thread )
  0x0000000019650800 JavaThread "Service Thread" daemon [_thread_blocked, id=17584, stack(0x0000000019c20000,0x0000000019d20000)]
  0x000000001959d000 JavaThread "C1 CompilerThread2" daemon [_thread_blocked, id=17440, stack(0x0000000019b20000,0x0000000019c20000)]
  0x000000001959a000 JavaThread "C2 CompilerThread1" daemon [_thread_blocked, id=10012, stack(0x0000000019a20000,0x0000000019b20000)]
  0x0000000019598000 JavaThread "C2 CompilerThread0" daemon [_thread_blocked, id=15436, stack(0x0000000019920000,0x0000000019a20000)]
  0x0000000017bf4800 JavaThread "JDWP Command Reader" daemon [_thread_in_native, id=17928, stack(0x0000000019420000,0x0000000019520000)]
  0x0000000017be7800 JavaThread "JDWP Event Helper Thread" daemon [_thread_blocked, id=11344, stack(0x0000000019320000,0x0000000019420000)]
=>0x0000000017bd9000 JavaThread "JDWP Transport Listener: dt_socket" daemon [_thread_in_vm, id=1980, stack(0x0000000019220000,0x0000000019320000)]
  0x0000000017bd0800 JavaThread "Attach Listener" daemon [_thread_blocked, id=13760, stack(0x0000000019120000,0x0000000019220000)]
  0x0000000017bcf000 JavaThread "Signal Dispatcher" daemon [_thread_blocked, id=10604, stack(0x0000000019020000,0x0000000019120000)]
  0x0000000017bc0800 JavaThread "Finalizer" daemon [_thread_blocked, id=14252, stack(0x0000000018e30000,0x0000000018f30000)]
  0x0000000003083000 JavaThread "Reference Handler" daemon [_thread_blocked, id=16452, stack(0x0000000018d30000,0x0000000018e30000)]
  0x0000000002f93800 JavaThread "main" [_thread_blocked, id=5932, stack(0x0000000002ce0000,0x0000000002de0000)]

Other Threads:
  0x0000000017b98000 VMThread [stack: 0x0000000018c30000,0x0000000018d30000] [id=792]
  0x0000000019698000 WatcherThread [stack: 0x0000000019d20000,0x0000000019e20000] [id=5068]

VM state:not at safepoint (normal execution)

VM Mutex/Monitor currently owned by a thread: None

Heap:
 PSYoungGen      total 38400K, used 4670K [0x00000000d5e00000, 0x00000000d8880000, 0x0000000100000000)
  eden space 33280K, 14% used [0x00000000d5e00000,0x00000000d628f938,0x00000000d7e80000)
  from space 5120K, 0% used [0x00000000d8380000,0x00000000d8380000,0x00000000d8880000)
  to   space 5120K, 0% used [0x00000000d7e80000,0x00000000d7e80000,0x00000000d8380000)
 ParOldGen       total 87552K, used 0K [0x0000000081a00000, 0x0000000086f80000, 0x00000000d5e00000)
  object space 87552K, 0% used [0x0000000081a00000,0x0000000081a00000,0x0000000086f80000)
 Metaspace       used 3797K, capacity 4714K, committed 4864K, reserved 1056768K
  class space    used 422K, capacity 466K, committed 512K, reserved 1048576K

Card table byte_map: [0x0000000012450000,0x0000000012850000] byte_map_base: 0x0000000012043000

Marking Bits: (ParMarkBitMap*) 0x000000007579a6d0
 Begin Bits: [0x0000000012f00000, 0x0000000014e98000)
 End Bits:   [0x0000000014e98000, 0x0000000016e30000)

Polling page: 0x0000000002b80000

CodeCache: size=245760Kb used=1270Kb max_used=1270Kb free=244489Kb
 bounds [0x0000000003090000, 0x0000000003300000, 0x0000000012090000]
 total_blobs=352 nmethods=103 adapters=170
 compilation: enabled

Compilation events (10 events):
Event: 0.456 Thread 0x000000001959d000   99       3       java.nio.Buffer::hasRemaining (17 bytes)
Event: 0.456 Thread 0x000000001959d000 nmethod 99 0x00000000031cce10 code [0x00000000031ccf60, 0x00000000031cd110]
Event: 0.456 Thread 0x000000001959d000  100       3       java.nio.CharBuffer::hasArray (20 bytes)
Event: 0.456 Thread 0x000000001959d000 nmethod 100 0x00000000031cd190 code [0x00000000031cd2e0, 0x00000000031cd4d0]
Event: 0.456 Thread 0x000000001959d000  101       3       java.nio.ByteBuffer::hasArray (20 bytes)
Event: 0.456 Thread 0x000000001959d000 nmethod 101 0x00000000031cd550 code [0x00000000031cd6a0, 0x00000000031cd890]
Event: 0.456 Thread 0x000000001959d000  102       3       java.nio.CharBuffer::<init> (22 bytes)
Event: 0.456 Thread 0x000000001959d000 nmethod 102 0x00000000031cd910 code [0x00000000031cda80, 0x00000000031cdc68]
Event: 0.456 Thread 0x000000001959d000  103       3       java.io.PrintStream::ensureOpen (18 bytes)
Event: 0.456 Thread 0x000000001959d000 nmethod 103 0x00000000031cdd10 code [0x00000000031cde80, 0x00000000031ce0e8]

GC Heap History (0 events):
No events

Deoptimization events (0 events):
No events

Internal exceptions (6 events):
Event: 0.060 Thread 0x0000000002f93800 Exception <a 'java/lang/NoSuchMethodError': Method sun.misc.Unsafe.defineClass(Ljava/lang/String;[BII)Ljava/lang/Class; name or signature does not match> (0x00000000d5e07cc0) thrown at [C:\re\workspace\8-2-build-windows-amd64-cygwin\jdk8u101\7261\hotspot\s½Ÿž6»®?
Event: 0.060 Thread 0x0000000002f93800 Exception <a 'java/lang/NoSuchMethodError': Method sun.misc.Unsafe.prefetchRead(Ljava/lang/Object;J)V name or signature does not match> (0x00000000d5e07fa8) thrown at [C:\re\workspace\8-2-build-windows-amd64-cygwin\jdk8u101\7261\hotspot\src\share\vm\prims\á–ö†|‡Ú?
Event: 0.415 Thread 0x0000000002f93800 Exception <a 'java/security/PrivilegedActionException'> (0x00000000d616b2f0) thrown at [C:\re\workspace\8-2-build-windows-amd64-cygwin\jdk8u101\7261\hotspot\src\share\vm\prims\jvm.cpp, line 1386]
Event: 0.415 Thread 0x0000000002f93800 Exception <a 'java/security/PrivilegedActionException'> (0x00000000d616b6e8) thrown at [C:\re\workspace\8-2-build-windows-amd64-cygwin\jdk8u101\7261\hotspot\src\share\vm\prims\jvm.cpp, line 1386]
Event: 0.416 Thread 0x0000000002f93800 Exception <a 'java/security/PrivilegedActionException'> (0x00000000d616f7b8) thrown at [C:\re\workspace\8-2-build-windows-amd64-cygwin\jdk8u101\7261\hotspot\src\share\vm\prims\jvm.cpp, line 1386]
Event: 0.416 Thread 0x0000000002f93800 Exception <a 'java/security/PrivilegedActionException'> (0x00000000d616fbb0) thrown at [C:\re\workspace\8-2-build-windows-amd64-cygwin\jdk8u101\7261\hotspot\src\share\vm\prims\jvm.cpp, line 1386]

Events (10 events):
Event: 308.103 Executing VM operation: ChangeBreakpoints
Event: 308.104 Executing VM operation: ChangeBreakpoints done
Event: 308.106 Executing VM operation: ChangeBreakpoints
Event: 308.106 Executing VM operation: ChangeBreakpoints done
Event: 322.327 Executing VM operation: ChangeBreakpoints
Event: 322.327 Executing VM operation: ChangeBreakpoints done
Event: 345.077 Executing VM operation: RedefineClasses
Event: 345.078 Executing VM operation: RedefineClasses done
Event: 35595.103 Executing VM operation: RedefineClasses
Event: 35595.107 Executing VM operation: RedefineClasses done


Dynamic libraries:
0x00007ff6582e0000 - 0x00007ff658317000 	C:\Program Files\Java\jdk1.8.0_101\bin\java.exe
0x00007ffa91fc0000 - 0x00007ffa921a1000 	C:\WINDOWS\SYSTEM32\ntdll.dll
0x00007ffa8f820000 - 0x00007ffa8f8d2000 	C:\WINDOWS\System32\KERNEL32.DLL
0x00007ffa8e630000 - 0x00007ffa8e8a3000 	C:\WINDOWS\System32\KERNELBASE.dll
0x00007ffa91810000 - 0x00007ffa918b1000 	C:\WINDOWS\System32\ADVAPI32.dll
0x00007ffa91e70000 - 0x00007ffa91f0e000 	C:\WINDOWS\System32\msvcrt.dll
0x00007ffa8f5b0000 - 0x00007ffa8f60b000 	C:\WINDOWS\System32\sechost.dll
0x00007ffa91d10000 - 0x00007ffa91e34000 	C:\WINDOWS\System32\RPCRT4.dll
0x00007ffa8f610000 - 0x00007ffa8f7a0000 	C:\WINDOWS\System32\USER32.dll
0x00007ffa8eba0000 - 0x00007ffa8ebc0000 	C:\WINDOWS\System32\win32u.dll
0x00007ffa91e40000 - 0x00007ffa91e68000 	C:\WINDOWS\System32\GDI32.dll
0x00007ffa8e390000 - 0x00007ffa8e522000 	C:\WINDOWS\System32\gdi32full.dll
0x00007ffa8ec20000 - 0x00007ffa8ecbf000 	C:\WINDOWS\System32\msvcp_win.dll
0x00007ffa8e530000 - 0x00007ffa8e62a000 	C:\WINDOWS\System32\ucrtbase.dll
0x00007ffa80cb0000 - 0x00007ffa80f19000 	C:\WINDOWS\WinSxS\amd64_microsoft.windows.common-controls_6595b64144ccf1df_6.0.17134.345_none_fb429a5930656358\COMCTL32.dll
0x00007ffa90ea0000 - 0x00007ffa911c3000 	C:\WINDOWS\System32\combase.dll
0x00007ffa8f3d0000 - 0x00007ffa8f44a000 	C:\WINDOWS\System32\bcryptPrimitives.dll
0x00007ffa91570000 - 0x00007ffa9159d000 	C:\WINDOWS\System32\IMM32.DLL
0x0000000076210000 - 0x00000000762e2000 	C:\Program Files\Java\jdk1.8.0_101\jre\bin\msvcr100.dll
0x0000000074f80000 - 0x000000007581a000 	C:\Program Files\Java\jdk1.8.0_101\jre\bin\server\jvm.dll
0x00007ffa91800000 - 0x00007ffa91808000 	C:\WINDOWS\System32\PSAPI.DLL
0x00007ffa8cf80000 - 0x00007ffa8cf89000 	C:\WINDOWS\SYSTEM32\WSOCK32.dll
0x00007ffa85f90000 - 0x00007ffa85fb3000 	C:\WINDOWS\SYSTEM32\WINMM.dll
0x00007ffa91230000 - 0x00007ffa9129c000 	C:\WINDOWS\System32\WS2_32.dll
0x00007ffa882b0000 - 0x00007ffa882ba000 	C:\WINDOWS\SYSTEM32\VERSION.dll
0x00007ffa85f60000 - 0x00007ffa85f8a000 	C:\WINDOWS\SYSTEM32\WINMMBASE.dll
0x00007ffa8e8b0000 - 0x00007ffa8e8f9000 	C:\WINDOWS\System32\cfgmgr32.dll
0x0000000050000000 - 0x000000005000f000 	C:\Program Files\Java\jdk1.8.0_101\jre\bin\verify.dll
0x00000000761e0000 - 0x0000000076209000 	C:\Program Files\Java\jdk1.8.0_101\jre\bin\java.dll
0x0000000076180000 - 0x00000000761b5000 	C:\Program Files\Java\jdk1.8.0_101\jre\bin\jdwp.dll
0x0000000076170000 - 0x0000000076178000 	C:\Program Files\Java\jdk1.8.0_101\jre\bin\npt.dll
0x0000000076140000 - 0x0000000076163000 	C:\Program Files\Java\jdk1.8.0_101\jre\bin\instrument.dll
0x00000000761c0000 - 0x00000000761d6000 	C:\Program Files\Java\jdk1.8.0_101\jre\bin\zip.dll
0x00007ffa8f990000 - 0x00007ffa90dcf000 	C:\WINDOWS\System32\SHELL32.dll
0x00007ffa91740000 - 0x00007ffa917e9000 	C:\WINDOWS\System32\shcore.dll
0x00007ffa8ecc0000 - 0x00007ffa8f3cd000 	C:\WINDOWS\System32\windows.storage.dll
0x00007ffa911d0000 - 0x00007ffa91221000 	C:\WINDOWS\System32\shlwapi.dll
0x00007ffa8e370000 - 0x00007ffa8e381000 	C:\WINDOWS\System32\kernel.appcore.dll
0x00007ffa8e350000 - 0x00007ffa8e36f000 	C:\WINDOWS\System32\profapi.dll
0x00007ffa8e2f0000 - 0x00007ffa8e33c000 	C:\WINDOWS\System32\powrprof.dll
0x00007ffa8e340000 - 0x00007ffa8e34a000 	C:\WINDOWS\System32\FLTLIB.DLL
0x0000000074f70000 - 0x0000000074f79000 	C:\Program Files\Java\jdk1.8.0_101\jre\bin\dt_socket.dll
0x00007ffa8db50000 - 0x00007ffa8dbb6000 	C:\WINDOWS\system32\mswsock.dll
0x00007ffa8cb90000 - 0x00007ffa8cd59000 	C:\WINDOWS\SYSTEM32\dbghelp.dll

VM Arguments:
jvm_args: -Djava.vendor=Sun Microsystems Inc. -agentlib:jdwp=transport=dt_socket,address=127.0.0.1:37310,suspend=y,server=n -javaagent:C:\Users\ERKANE~2\AppData\Local\Temp\captureAgent3875jars\debugger-agent.jar=file:/C:/Users/ERKANE~2/AppData/Local/Temp/capture.props -Dfile.encoding=UTF-8 
java_command: DesignPatterns.Player
java_class_path (initial): C:\Program Files\Java\jdk1.8.0_101\jre\lib\charsets.jar;C:\Program Files\Java\jdk1.8.0_101\jre\lib\deploy.jar;C:\Program Files\Java\jdk1.8.0_101\jre\lib\ext\access-bridge-64.jar;C:\Program Files\Java\jdk1.8.0_101\jre\lib\ext\cldrdata.jar;C:\Program Files\Java\jdk1.8.0_101\jre\lib\ext\dnsns.jar;C:\Program Files\Java\jdk1.8.0_101\jre\lib\ext\jaccess.jar;C:\Program Files\Java\jdk1.8.0_101\jre\lib\ext\jfxrt.jar;C:\Program Files\Java\jdk1.8.0_101\jre\lib\ext\localedata.jar;C:\Program Files\Java\jdk1.8.0_101\jre\lib\ext\nashorn.jar;C:\Program Files\Java\jdk1.8.0_101\jre\lib\ext\sunec.jar;C:\Program Files\Java\jdk1.8.0_101\jre\lib\ext\sunjce_provider.jar;C:\Program Files\Java\jdk1.8.0_101\jre\lib\ext\sunmscapi.jar;C:\Program Files\Java\jdk1.8.0_101\jre\lib\ext\sunpkcs11.jar;C:\Program Files\Java\jdk1.8.0_101\jre\lib\ext\zipfs.jar;C:\Program Files\Java\jdk1.8.0_101\jre\lib\javaws.jar;C:\Program Files\Java\jdk1.8.0_101\jre\lib\jce.jar;C:\Program Files\Java\jdk1.8.0_101\jre\lib\jfr.jar;C:\Program Files\Java\jdk1.8.0_101\jre\lib\jfxswt.jar;C:\Program Files\Java\jdk1.8.0_101\jre\lib\jsse.jar;C:\Program Files\Java\jdk1.8.0_101\jre\lib\management-agent.jar;C:\Program Files\Java\jdk1.8.0_101\jre\lib\plugin.jar;C:\Program Files\Java\jdk1.8.0_101\jre\lib\resources.jar;C:\Program Files\Java\jdk1.8.0_101\jre\lib\rt.jar;C:\Users\Erkan Erkiþi\IdeaProjects\HelloIntelliJ\out\production\HelloIntelliJ;C:\Program Files\JetBrains\IntelliJ IDEA 2018.2.4\lib\idea_rt.jar;C:\Users\ERKANE~2\AppData\Local\Temp\captureAgent3875jars\debugger-agent.jar
Launcher Type: SUN_STANDARD

Environment Variables:
JAVA_HOME=C:\Program Files\Java\jdk1.8.0_101
JAVA_TOOL_OPTIONS=-Djava.vendor="Sun Microsystems Inc."
PATH=C:\ProgramData\Oracle\Java\javapath;C:\Program Files (x86)\OpenSSH\bin;C:\Program Files (x86)\Heroku\bin;C:\Program Files (x86)\git\cmd;C:\Program Files (x86)\Git\cmd;C:\Program Files\Java\jdk1.8.0_101\bin;C:\Program Files\nodejs\;C:\Program Files (x86)\Skype\Phone\;C:\Program Files\Microsoft SQL Server\130\Tools\Binn\;C:\WINDOWS\system32;C:\WINDOWS;C:\WINDOWS\System32\Wbem;C:\WINDOWS\System32\WindowsPowerShell\v1.0\;C:\WINDOWS\System32\OpenSSH\;C:\Program Files\Microsoft VS Code\bin;C:\Users\Erkan Erkiþi\AppData\Local\Microsoft\WindowsApps;C:\Program Files\Heroku\bin;C:\Program Files (x86)\SSH Communications Security\SSH Secure Shell;C:\Program Files\Microsoft VS Code\bin;C:\Users\Erkan Erkiþi\AppData\Roaming\npm;
USERNAME=Erkan Erkiþi
OS=Windows_NT
PROCESSOR_IDENTIFIER=Intel64 Family 6 Model 78 Stepping 3, GenuineIntel



---------------  S Y S T E M  ---------------

OS: Windows 10.0 , 64 bit Build 17134 (10.0.17134.1)

CPU:total 4 (2 cores per cpu, 2 threads per core) family 6 model 78 stepping 3, cmov, cx8, fxsr, mmx, sse, sse2, sse3, ssse3, sse4.1, sse4.2, popcnt, avx, avx2, aes, clmul, erms, 3dnowpref, lzcnt, ht, tsc, tscinvbit, bmi1, bmi2, adx

Memory: 4k page, physical 8275872k(1770988k free), swap 13789772k(1482520k free)

vm_info: Java HotSpot(TM) 64-Bit Server VM (25.101-b13) for windows-amd64 JRE (1.8.0_101-b13), built on Jun 22 2016 01:21:29 by "java_re" with MS VC++ 10.0 (VS2010)

time: Sun Oct 21 09:17:50 2018
elapsed time: 35595 seconds (0d 9h 53m 15s)

